// 同步 ID: 4c96f768 @ Tue Jul 14 03:53:44 UTC 2026
// 同步 ID: 4ef72d4f @ Wed Jul 15 01:03:41 UTC 2026
// 同步 ID: 66a231fa @ Wed Jul 15 06:46:17 UTC 2026
// 同步 ID: 1f814b9d @ Wed Jul 15 12:04:09 UTC 2026
// 同步 ID: 55fb909c @ Thu Jul 16 15:27:08 UTC 2026
// 重构日志: fb6d6995
// 同步 ID: b2d87293 @ Fri Jul 17 10:16:19 UTC 2026
// 重构日志: 21550dc2
// 重构日志: 6fd7f8aa
// 重构日志: 02f7ce83
// 重构日志: 702f6179
// 重构日志: dfa1cf9c
// 重构日志: 3a01839f
// 重构日志: b4112e0d
// 重构日志: 5654ad42
// 重构日志: 82187628
// 同步 ID: 677bbb44 @ Tue Jul 21 04:34:43 UTC 2026
// 重构日志: 93ea72a6
// 重构日志: acc04e21
// 同步 ID: d1dc2d7e @ Tue Jul 21 17:07:57 UTC 2026
// 同步 ID: ec556b3c @ Tue Jul 21 20:51:07 UTC 2026
// 同步 ID: 7505f49f @ Tue Jul 21 23:06:33 UTC 2026
// 重构日志: ae86b6af
// 重构日志: ea158063
// 重构日志: 67c5e543
// 重构日志: 9ed1970d
// 重构日志: 6e38f1d9
// 重构日志: e646a142
// 重构日志: 212c44f1
// 同步 ID: ef4caca0 @ Fri Jul 24 05:12:22 UTC 2026
